2025-12-16 23:30:22,407 INFO o.h.v.i.u.Version [background-preinit] HV000001: Hibernate Validator 8.0.1.Final
2025-12-16 23:30:22,544 INFO o.s.b.StartupInfoLogger [main] Starting FinanceTrackerBackendApplication using Java 21.0.6 with PID 19492 (C:\Users\Iyed Chaabane\Desktop\workspace\Finance Tracking web app\Backend\target\classes started by Iyed Chaabane in C:\Users\Iyed Chaabane\Desktop\workspace\Finance Tracking web app\Backend)
2025-12-16 23:30:22,546 DEBUG o.s.b.StartupInfoLogger [main] Running with Spring Boot v3.2.1, Spring v6.1.2
2025-12-16 23:30:22,548 INFO o.s.b.SpringApplication [main] No active profile set, falling back to 1 default profile: "default"
2025-12-16 23:30:24,079 INFO o.s.d.r.c.RepositoryConfigurationDelegate [main] Bootstrapping Spring Data JPA repositories in DEFAULT mode.
2025-12-16 23:30:24,188 INFO o.s.d.r.c.RepositoryConfigurationDelegate [main] Finished Spring Data repository scanning in 96 ms. Found 4 JPA repository interfaces.
2025-12-16 23:30:25,263 INFO o.s.b.w.e.t.TomcatWebServer [main] Tomcat initialized with port 8080 (http)
2025-12-16 23:30:25,287 INFO o.a.j.l.DirectJDKLog [main] Initializing ProtocolHandler ["http-nio-8080"]
2025-12-16 23:30:25,299 INFO o.a.j.l.DirectJDKLog [main] Starting service [Tomcat]
2025-12-16 23:30:25,299 INFO o.a.j.l.DirectJDKLog [main] Starting Servlet engine: [Apache Tomcat/10.1.17]
2025-12-16 23:30:25,466 INFO o.a.j.l.DirectJDKLog [main] Initializing Spring embedded WebApplicationContext
2025-12-16 23:30:25,468 INFO o.s.b.w.s.c.ServletWebServerApplicationContext [main] Root WebApplicationContext: initialization completed in 2827 ms
2025-12-16 23:30:25,683 INFO o.h.j.i.u.LogHelper [main] HHH000204: Processing PersistenceUnitInfo [name: default]
2025-12-16 23:30:25,809 INFO o.h.Version [main] HHH000412: Hibernate ORM core version 6.4.1.Final
2025-12-16 23:30:25,880 INFO o.h.c.i.RegionFactoryInitiator [main] HHH000026: Second-level cache disabled
2025-12-16 23:30:26,396 INFO o.s.o.j.p.SpringPersistenceUnitInfo [main] No LoadTimeWeaver setup: ignoring JPA class transformer
2025-12-16 23:30:26,458 INFO c.z.h.HikariDataSource [main] HikariPool-1 - Starting...
2025-12-16 23:30:27,644 INFO c.z.h.p.HikariPool [main] HikariPool-1 - Added connection org.postgresql.jdbc.PgConnection@18db3b3c
2025-12-16 23:30:27,647 INFO c.z.h.HikariDataSource [main] HikariPool-1 - Start completed.
2025-12-16 23:30:28,004 WARN o.h.e.j.d.i.DialectFactoryImpl [main] HHH90000025: PostgreSQLDialect does not need to be specified explicitly using 'hibernate.dialect' (remove the property setting and it will be selected by default)
2025-12-16 23:30:29,687 INFO o.h.e.t.j.p.i.JtaPlatformInitiator [main] HHH000489: No JTA platform available (set 'hibernate.transaction.jta.platform' to enable JTA platform integration)
2025-12-16 23:30:30,199 INFO o.s.o.j.AbstractEntityManagerFactoryBean [main] Initialized JPA EntityManagerFactory for persistence unit 'default'
2025-12-16 23:30:30,785 DEBUG o.s.w.f.GenericFilterBean [main] Filter 'authenticationJwtTokenFilter' configured for use
2025-12-16 23:30:31,002 INFO o.s.d.j.r.q.QueryEnhancerFactory [main] Hibernate is in classpath; If applicable, HQL parser will be used.
2025-12-16 23:30:31,770 WARN o.s.b.a.o.j.JpaBaseConfiguration$JpaWebConfiguration [main] spring.jpa.open-in-view is enabled by default. Therefore, database queries may be performed during view rendering. Explicitly configure spring.jpa.open-in-view to disable this warning
2025-12-16 23:30:32,434 INFO o.s.s.w.DefaultSecurityFilterChain [main] Will secure any request with [org.springframework.security.web.session.DisableEncodeUrlFilter@7d6b0636, org.springframework.security.web.context.request.async.WebAsyncManagerIntegrationFilter@3c971473, org.springframework.security.web.context.SecurityContextHolderFilter@1f02ce3, org.springframework.security.web.header.HeaderWriterFilter@56d9ef05, org.springframework.web.filter.CorsFilter@47b4fcd5, org.springframework.security.web.authentication.logout.LogoutFilter@20b56542, com.financetracker.backend.security.JwtAuthenticationFilter@5dc8448b, org.springframework.security.web.savedrequest.RequestCacheAwareFilter@136a2e3b, org.springframework.security.web.servletapi.SecurityContextHolderAwareRequestFilter@62a5e4c7, org.springframework.security.web.authentication.AnonymousAuthenticationFilter@67d6b0a6, org.springframework.security.web.session.SessionManagementFilter@7f0977d6, org.springframework.security.web.access.ExceptionTranslationFilter@1dec84e3, org.springframework.security.web.access.intercept.AuthorizationFilter@3ebfe048]
2025-12-16 23:30:32,816 INFO o.a.j.l.DirectJDKLog [main] Starting ProtocolHandler ["http-nio-8080"]
2025-12-16 23:30:32,846 INFO o.s.b.w.e.t.TomcatWebServer [main] Tomcat started on port 8080 (http) with context path ''
2025-12-16 23:30:32,863 INFO o.s.b.StartupInfoLogger [main] Started FinanceTrackerBackendApplication in 11.397 seconds (process running for 12.034)
2025-12-16 23:31:57,434 INFO o.a.j.l.DirectJDKLog [http-nio-8080-exec-1] Initializing Spring DispatcherServlet 'dispatcherServlet'
2025-12-16 23:31:57,434 INFO o.s.w.s.FrameworkServlet [http-nio-8080-exec-1] Initializing Servlet 'dispatcherServlet'
2025-12-16 23:31:57,438 INFO o.s.w.s.FrameworkServlet [http-nio-8080-exec-1] Completed initialization in 3 ms
2025-12-16 23:31:57,699 INFO c.f.b.s.AuthService [http-nio-8080-exec-2] Registering user: chaabaneiyed@gmail.com
2025-12-16 23:31:58,020 INFO c.f.b.s.AuthService [http-nio-8080-exec-2] User registered successfully: chaabaneiyed@gmail.com
2025-12-16 23:32:06,930 INFO c.f.b.s.AuthService [http-nio-8080-exec-4] User logged in: chaabaneiyed@gmail.com
2025-12-16 23:32:07,179 TRACE c.f.b.s.UserSettingsService [http-nio-8080-exec-4] Fetching settings for user: chaabaneiyed@gmail.com
2025-12-16 23:32:20,765 INFO c.f.b.s.UserSettingsService [http-nio-8080-exec-8] Currency changed from EUR to TND for user chaabaneiyed@gmail.com. Converting transactions...
2025-12-16 23:32:20,772 INFO c.f.b.s.UserSettingsService [http-nio-8080-exec-8] Converted 0 transactions from EUR to TND
2025-12-16 23:32:20,779 INFO c.f.b.s.UserSettingsService [http-nio-8080-exec-8] Settings updated for user: chaabaneiyed@gmail.com
2025-12-16 23:32:20,982 TRACE c.f.b.s.UserSettingsService [http-nio-8080-exec-9] Fetching settings for user: chaabaneiyed@gmail.com
2025-12-16 23:32:27,670 INFO c.f.b.s.UserSettingsService [http-nio-8080-exec-2] Settings updated for user: chaabaneiyed@gmail.com
2025-12-16 23:33:11,058 TRACE c.f.b.s.UserSettingsService [http-nio-8080-exec-6] Fetching settings for user: chaabaneiyed@gmail.com
2025-12-16 23:33:11,145 TRACE c.f.b.s.UserSettingsService [http-nio-8080-exec-9] Fetching settings for user: chaabaneiyed@gmail.com
2025-12-16 23:33:21,654 TRACE c.f.b.s.UserSettingsService [http-nio-8080-exec-5] Fetching settings for user: chaabaneiyed@gmail.com
2025-12-16 23:33:21,753 TRACE c.f.b.s.UserSettingsService [http-nio-8080-exec-3] Fetching settings for user: chaabaneiyed@gmail.com
2025-12-16 23:33:29,035 INFO c.f.b.s.UserSettingsService [http-nio-8080-exec-5] Settings updated for user: chaabaneiyed@gmail.com
2025-12-16 23:33:29,241 TRACE c.f.b.s.UserSettingsService [http-nio-8080-exec-2] Fetching settings for user: chaabaneiyed@gmail.com
2025-12-16 23:33:35,248 INFO c.f.b.s.UserSettingsService [http-nio-8080-exec-4] Settings updated for user: chaabaneiyed@gmail.com
2025-12-16 23:33:37,053 INFO c.f.b.s.UserSettingsService [http-nio-8080-exec-9] Settings updated for user: chaabaneiyed@gmail.com
2025-12-16 23:33:41,306 TRACE c.f.b.s.UserSettingsService [http-nio-8080-exec-5] Fetching settings for user: chaabaneiyed@gmail.com
2025-12-16 23:33:41,399 TRACE c.f.b.s.UserSettingsService [http-nio-8080-exec-3] Fetching settings for user: chaabaneiyed@gmail.com
2025-12-16 23:38:35,080 INFO c.f.b.s.UserSettingsService [http-nio-8080-exec-1] Settings updated for user: chaabaneiyed@gmail.com
2025-12-16 23:38:35,207 TRACE c.f.b.s.UserSettingsService [http-nio-8080-exec-3] Fetching settings for user: chaabaneiyed@gmail.com
2025-12-16 23:38:47,968 INFO c.f.b.s.UserSettingsService [http-nio-8080-exec-6] Settings updated for user: chaabaneiyed@gmail.com
2025-12-16 23:39:17,060 INFO c.f.b.s.CategoryService [http-nio-8080-exec-6] Category created with ID: 42
2025-12-16 23:39:57,548 INFO c.f.b.s.TransactionService [http-nio-8080-exec-3] Transaction created with ID: 4
2025-12-16 23:42:19,576 INFO c.f.b.s.UserSettingsService [http-nio-8080-exec-1] Settings updated for user: chaabaneiyed@gmail.com
2025-12-16 23:42:19,688 TRACE c.f.b.s.UserSettingsService [http-nio-8080-exec-8] Fetching settings for user: chaabaneiyed@gmail.com
2025-12-16 23:42:21,326 INFO c.f.b.s.UserSettingsService [http-nio-8080-exec-3] Settings updated for user: chaabaneiyed@gmail.com
2025-12-16 23:42:29,494 TRACE c.f.b.s.UserSettingsService [http-nio-8080-exec-10] Fetching settings for user: chaabaneiyed@gmail.com
2025-12-16 23:42:29,581 TRACE c.f.b.s.UserSettingsService [http-nio-8080-exec-8] Fetching settings for user: chaabaneiyed@gmail.com
2025-12-16 23:42:33,843 TRACE c.f.b.s.UserSettingsService [http-nio-8080-exec-3] Fetching settings for user: chaabaneiyed@gmail.com
2025-12-16 23:42:33,961 TRACE c.f.b.s.UserSettingsService [http-nio-8080-exec-6] Fetching settings for user: chaabaneiyed@gmail.com
2025-12-16 23:42:42,074 INFO c.f.b.s.UserSettingsService [http-nio-8080-exec-5] Settings updated for user: chaabaneiyed@gmail.com
2025-12-16 23:42:42,189 TRACE c.f.b.s.UserSettingsService [http-nio-8080-exec-6] Fetching settings for user: chaabaneiyed@gmail.com
2025-12-16 23:42:44,154 INFO c.f.b.s.UserSettingsService [http-nio-8080-exec-1] Settings updated for user: chaabaneiyed@gmail.com
2025-12-16 23:43:08,206 INFO c.f.b.s.UserSettingsService [http-nio-8080-exec-7] Settings updated for user: chaabaneiyed@gmail.com
2025-12-16 23:43:08,402 TRACE c.f.b.s.UserSettingsService [http-nio-8080-exec-9] Fetching settings for user: chaabaneiyed@gmail.com
2025-12-16 23:43:13,075 INFO c.f.b.s.UserSettingsService [http-nio-8080-exec-10] Settings updated for user: chaabaneiyed@gmail.com
