2025-12-15 16:42:03,252 INFO o.h.v.i.u.Version [background-preinit] HV000001: Hibernate Validator 8.0.1.Final
2025-12-15 16:42:03,389 INFO o.s.b.StartupInfoLogger [main] Starting FinanceTrackerBackendApplication using Java 21.0.6 with PID 2188 (C:\Users\Iyed Chaabane\Desktop\workspace\Finance Tracking web app\Backend\target\classes started by Iyed Chaabane in C:\Users\Iyed Chaabane\Desktop\workspace\Finance Tracking web app\Backend)
2025-12-15 16:42:03,392 DEBUG o.s.b.StartupInfoLogger [main] Running with Spring Boot v3.2.1, Spring v6.1.2
2025-12-15 16:42:03,399 INFO o.s.b.SpringApplication [main] No active profile set, falling back to 1 default profile: "default"
2025-12-15 16:42:05,526 INFO o.s.d.r.c.RepositoryConfigurationDelegate [main] Bootstrapping Spring Data JPA repositories in DEFAULT mode.
2025-12-15 16:42:05,627 INFO o.s.d.r.c.RepositoryConfigurationDelegate [main] Finished Spring Data repository scanning in 88 ms. Found 4 JPA repository interfaces.
2025-12-15 16:42:06,448 INFO o.s.b.w.e.t.TomcatWebServer [main] Tomcat initialized with port 8080 (http)
2025-12-15 16:42:06,468 INFO o.a.j.l.DirectJDKLog [main] Initializing ProtocolHandler ["http-nio-8080"]
2025-12-15 16:42:06,473 INFO o.a.j.l.DirectJDKLog [main] Starting service [Tomcat]
2025-12-15 16:42:06,474 INFO o.a.j.l.DirectJDKLog [main] Starting Servlet engine: [Apache Tomcat/10.1.17]
2025-12-15 16:42:06,588 INFO o.a.j.l.DirectJDKLog [main] Initializing Spring embedded WebApplicationContext
2025-12-15 16:42:06,589 INFO o.s.b.w.s.c.ServletWebServerApplicationContext [main] Root WebApplicationContext: initialization completed in 3031 ms
2025-12-15 16:42:06,791 INFO o.h.j.i.u.LogHelper [main] HHH000204: Processing PersistenceUnitInfo [name: default]
2025-12-15 16:42:06,913 INFO o.h.Version [main] HHH000412: Hibernate ORM core version 6.4.1.Final
2025-12-15 16:42:06,971 INFO o.h.c.i.RegionFactoryInitiator [main] HHH000026: Second-level cache disabled
2025-12-15 16:42:07,435 INFO o.s.o.j.p.SpringPersistenceUnitInfo [main] No LoadTimeWeaver setup: ignoring JPA class transformer
2025-12-15 16:42:07,516 INFO c.z.h.HikariDataSource [main] HikariPool-1 - Starting...
2025-12-15 16:42:07,949 INFO c.z.h.p.HikariPool [main] HikariPool-1 - Added connection org.postgresql.jdbc.PgConnection@68a5aadd
2025-12-15 16:42:07,951 INFO c.z.h.HikariDataSource [main] HikariPool-1 - Start completed.
2025-12-15 16:42:08,047 WARN o.h.e.j.d.i.DialectFactoryImpl [main] HHH90000025: PostgreSQLDialect does not need to be specified explicitly using 'hibernate.dialect' (remove the property setting and it will be selected by default)
2025-12-15 16:42:09,656 INFO o.h.e.t.j.p.i.JtaPlatformInitiator [main] HHH000489: No JTA platform available (set 'hibernate.transaction.jta.platform' to enable JTA platform integration)
2025-12-15 16:42:10,043 INFO o.s.o.j.AbstractEntityManagerFactoryBean [main] Initialized JPA EntityManagerFactory for persistence unit 'default'
2025-12-15 16:42:10,576 DEBUG o.s.w.f.GenericFilterBean [main] Filter 'authenticationJwtTokenFilter' configured for use
2025-12-15 16:42:10,786 INFO o.s.d.j.r.q.QueryEnhancerFactory [main] Hibernate is in classpath; If applicable, HQL parser will be used.
2025-12-15 16:42:11,697 WARN o.s.b.a.o.j.JpaBaseConfiguration$JpaWebConfiguration [main] spring.jpa.open-in-view is enabled by default. Therefore, database queries may be performed during view rendering. Explicitly configure spring.jpa.open-in-view to disable this warning
2025-12-15 16:42:12,156 INFO o.s.s.w.DefaultSecurityFilterChain [main] Will secure any request with [org.springframework.security.web.session.DisableEncodeUrlFilter@4d08fee2, org.springframework.security.web.context.request.async.WebAsyncManagerIntegrationFilter@f511a8e, org.springframework.security.web.context.SecurityContextHolderFilter@142ac60e, org.springframework.security.web.header.HeaderWriterFilter@1bef1304, org.springframework.web.filter.CorsFilter@421f447f, org.springframework.security.web.authentication.logout.LogoutFilter@2116e9cf, com.financetracker.backend.security.JwtAuthenticationFilter@13b5598b, org.springframework.security.web.savedrequest.RequestCacheAwareFilter@9b84747, org.springframework.security.web.servletapi.SecurityContextHolderAwareRequestFilter@1272f6d9, org.springframework.security.web.authentication.AnonymousAuthenticationFilter@3287cf03, org.springframework.security.web.session.SessionManagementFilter@3b6d94fc, org.springframework.security.web.access.ExceptionTranslationFilter@35427786, org.springframework.security.web.access.intercept.AuthorizationFilter@136a2e3b]
2025-12-15 16:42:12,705 INFO o.a.j.l.DirectJDKLog [main] Starting ProtocolHandler ["http-nio-8080"]
2025-12-15 16:42:12,736 INFO o.s.b.w.e.t.TomcatWebServer [main] Tomcat started on port 8080 (http) with context path ''
2025-12-15 16:42:12,749 INFO o.s.b.StartupInfoLogger [main] Started FinanceTrackerBackendApplication in 10.663 seconds (process running for 11.24)
2025-12-15 16:43:35,703 INFO o.a.j.l.DirectJDKLog [http-nio-8080-exec-6] Initializing Spring DispatcherServlet 'dispatcherServlet'
2025-12-15 16:43:35,705 INFO o.s.w.s.FrameworkServlet [http-nio-8080-exec-6] Initializing Servlet 'dispatcherServlet'
2025-12-15 16:43:35,710 INFO o.s.w.s.FrameworkServlet [http-nio-8080-exec-6] Completed initialization in 3 ms
2025-12-15 16:44:14,555 INFO c.f.b.s.AuthService [http-nio-8080-exec-2] User logged in: test@gmail.com
2025-12-15 16:44:14,735 TRACE c.f.b.s.UserSettingsService [http-nio-8080-exec-8] Fetching settings for user: test@gmail.com
2025-12-15 16:45:36,184 INFO c.f.b.s.UserSettingsService [http-nio-8080-exec-3] Settings updated for user: test@gmail.com
2025-12-15 16:48:40,550 INFO o.s.a.AbstractOpenApiResource [http-nio-8080-exec-3] Init duration for springdoc-openapi is: 671 ms
2025-12-15 16:50:06,744 INFO c.f.b.s.AuthService [http-nio-8080-exec-6] User logged in: test@gmail.com
2025-12-15 16:50:27,105 INFO c.f.b.s.CategoryService [http-nio-8080-exec-3] Category created with ID: 35
2025-12-15 16:50:36,530 TRACE c.f.b.s.UserSettingsService [http-nio-8080-exec-2] Fetching settings for user: test@gmail.com
2025-12-15 16:50:36,597 TRACE c.f.b.s.UserSettingsService [http-nio-8080-exec-1] Fetching settings for user: test@gmail.com
2025-12-15 16:52:10,149 INFO c.f.b.s.CategoryService [http-nio-8080-exec-2] Category created with ID: 36
2025-12-15 16:52:26,255 INFO c.f.b.s.CategoryService [http-nio-8080-exec-5] Category created with ID: 37
2025-12-15 16:52:38,894 INFO c.f.b.s.CategoryService [http-nio-8080-exec-8] Category created with ID: 38
2025-12-15 16:52:50,806 INFO c.f.b.s.CategoryService [http-nio-8080-exec-9] Category created with ID: 39
2025-12-15 16:53:03,481 INFO c.f.b.s.CategoryService [http-nio-8080-exec-3] Category created with ID: 40
2025-12-15 16:53:08,221 TRACE c.f.b.s.UserSettingsService [http-nio-8080-exec-9] Fetching settings for user: test@gmail.com
2025-12-15 16:53:08,341 TRACE c.f.b.s.UserSettingsService [http-nio-8080-exec-2] Fetching settings for user: test@gmail.com
2025-12-15 16:55:09,946 TRACE c.f.b.s.UserSettingsService [http-nio-8080-exec-1] Fetching settings for user: test@gmail.com
2025-12-15 16:55:10,015 TRACE c.f.b.s.UserSettingsService [http-nio-8080-exec-9] Fetching settings for user: test@gmail.com
2025-12-15 16:55:12,446 TRACE c.f.b.s.UserSettingsService [http-nio-8080-exec-3] Fetching settings for user: test@gmail.com
2025-12-15 16:55:12,627 TRACE c.f.b.s.UserSettingsService [http-nio-8080-exec-5] Fetching settings for user: test@gmail.com
2025-12-15 16:57:26,824 INFO c.f.b.s.CategoryService [http-nio-8080-exec-5] Category created with ID: 41
2025-12-15 16:57:55,805 INFO c.f.b.s.UserSettingsService [http-nio-8080-exec-6] Settings updated for user: test@gmail.com
2025-12-15 16:57:57,469 INFO c.f.b.s.UserSettingsService [http-nio-8080-exec-9] Settings updated for user: test@gmail.com
2025-12-15 16:57:58,588 INFO c.f.b.s.UserSettingsService [http-nio-8080-exec-4] Settings updated for user: test@gmail.com
2025-12-15 16:57:59,353 INFO c.f.b.s.UserSettingsService [http-nio-8080-exec-3] Settings updated for user: test@gmail.com
2025-12-15 17:01:08,613 INFO c.f.b.s.UserSettingsService [http-nio-8080-exec-7] Settings updated for user: test@gmail.com
2025-12-15 17:01:41,145 INFO c.f.b.s.UserSettingsService [http-nio-8080-exec-2] Settings updated for user: test@gmail.com
2025-12-15 17:02:57,011 TRACE c.f.b.s.UserSettingsService [http-nio-8080-exec-5] Fetching settings for user: test@gmail.com
2025-12-15 17:02:57,081 TRACE c.f.b.s.UserSettingsService [http-nio-8080-exec-2] Fetching settings for user: test@gmail.com
2025-12-15 17:04:28,039 INFO c.f.b.s.UserSettingsService [http-nio-8080-exec-5] Settings updated for user: test@gmail.com
2025-12-15 17:04:28,881 INFO c.f.b.s.UserSettingsService [http-nio-8080-exec-7] Settings updated for user: test@gmail.com
2025-12-15 17:04:49,742 TRACE c.f.b.s.UserSettingsService [http-nio-8080-exec-7] Fetching settings for user: test@gmail.com
2025-12-15 17:04:49,818 TRACE c.f.b.s.UserSettingsService [http-nio-8080-exec-9] Fetching settings for user: test@gmail.com
2025-12-15 17:10:07,238 INFO c.f.b.s.TransactionService [http-nio-8080-exec-9] Transaction created with ID: 1
2025-12-15 17:12:06,415 TRACE c.f.b.s.UserSettingsService [http-nio-8080-exec-9] Fetching settings for user: test@gmail.com
2025-12-15 17:12:06,548 TRACE c.f.b.s.UserSettingsService [http-nio-8080-exec-3] Fetching settings for user: test@gmail.com
2025-12-15 17:14:34,336 INFO c.f.b.s.TransactionService [http-nio-8080-exec-10] Transaction created with ID: 2
2025-12-15 17:15:42,759 INFO c.f.b.s.TransactionService [http-nio-8080-exec-1] Transaction created with ID: 3
2025-12-15 17:15:52,372 INFO c.f.b.s.UserSettingsService [http-nio-8080-exec-1] Settings updated for user: test@gmail.com
2025-12-15 17:16:21,692 INFO c.f.b.s.UserSettingsService [http-nio-8080-exec-10] Settings updated for user: test@gmail.com
2025-12-15 17:16:24,294 INFO c.f.b.s.UserSettingsService [http-nio-8080-exec-9] Settings updated for user: test@gmail.com
2025-12-15 17:16:39,500 INFO c.f.b.s.UserSettingsService [http-nio-8080-exec-5] Settings updated for user: test@gmail.com
2025-12-15 17:18:35,438 INFO c.f.b.s.UserSettingsService [http-nio-8080-exec-5] Settings updated for user: test@gmail.com
2025-12-15 17:18:52,841 TRACE c.f.b.s.UserSettingsService [http-nio-8080-exec-6] Fetching settings for user: test@gmail.com
2025-12-15 17:18:52,945 TRACE c.f.b.s.UserSettingsService [http-nio-8080-exec-3] Fetching settings for user: test@gmail.com
2025-12-15 17:19:24,558 INFO c.f.b.s.AuthService [http-nio-8080-exec-7] User logged in: test@gmail.com
2025-12-15 17:19:24,631 TRACE c.f.b.s.UserSettingsService [http-nio-8080-exec-10] Fetching settings for user: test@gmail.com
2025-12-15 17:25:27,360 TRACE c.f.b.s.UserSettingsService [http-nio-8080-exec-10] Fetching settings for user: test@gmail.com
2025-12-15 17:25:27,474 TRACE c.f.b.s.UserSettingsService [http-nio-8080-exec-5] Fetching settings for user: test@gmail.com
2025-12-15 17:30:50,795 TRACE c.f.b.s.UserSettingsService [http-nio-8080-exec-1] Fetching settings for user: test@gmail.com
2025-12-15 17:30:50,879 TRACE c.f.b.s.UserSettingsService [http-nio-8080-exec-2] Fetching settings for user: test@gmail.com
2025-12-15 17:30:53,421 TRACE c.f.b.s.UserSettingsService [http-nio-8080-exec-4] Fetching settings for user: test@gmail.com
2025-12-15 17:30:53,488 TRACE c.f.b.s.UserSettingsService [http-nio-8080-exec-7] Fetching settings for user: test@gmail.com
2025-12-15 17:32:21,417 INFO c.f.b.s.UserSettingsService [http-nio-8080-exec-9] Settings updated for user: test@gmail.com
2025-12-15 17:33:17,791 TRACE c.f.b.s.UserSettingsService [http-nio-8080-exec-2] Fetching settings for user: test@gmail.com
2025-12-15 17:33:17,888 TRACE c.f.b.s.UserSettingsService [http-nio-8080-exec-9] Fetching settings for user: test@gmail.com
2025-12-15 17:33:22,044 TRACE c.f.b.s.UserSettingsService [http-nio-8080-exec-1] Fetching settings for user: test@gmail.com
2025-12-15 17:33:22,120 TRACE c.f.b.s.UserSettingsService [http-nio-8080-exec-2] Fetching settings for user: test@gmail.com
2025-12-15 17:33:28,583 INFO c.f.b.s.UserSettingsService [http-nio-8080-exec-7] Settings updated for user: test@gmail.com
2025-12-15 17:37:08,168 TRACE c.f.b.s.UserSettingsService [http-nio-8080-exec-5] Fetching settings for user: test@gmail.com
2025-12-15 17:37:08,289 TRACE c.f.b.s.UserSettingsService [http-nio-8080-exec-6] Fetching settings for user: test@gmail.com
2025-12-15 17:37:11,538 TRACE c.f.b.s.UserSettingsService [http-nio-8080-exec-6] Fetching settings for user: test@gmail.com
2025-12-15 17:37:11,636 TRACE c.f.b.s.UserSettingsService [http-nio-8080-exec-7] Fetching settings for user: test@gmail.com
2025-12-15 17:50:27,102 TRACE c.f.b.s.UserSettingsService [http-nio-8080-exec-6] Fetching settings for user: test@gmail.com
2025-12-15 17:50:27,190 TRACE c.f.b.s.UserSettingsService [http-nio-8080-exec-10] Fetching settings for user: test@gmail.com
2025-12-15 17:52:16,854 TRACE c.f.b.s.UserSettingsService [http-nio-8080-exec-4] Fetching settings for user: test@gmail.com
2025-12-15 17:52:17,046 TRACE c.f.b.s.UserSettingsService [http-nio-8080-exec-2] Fetching settings for user: test@gmail.com
2025-12-15 17:53:17,137 INFO o.s.o.j.AbstractEntityManagerFactoryBean [SpringApplicationShutdownHook] Closing JPA EntityManagerFactory for persistence unit 'default'
2025-12-15 17:53:17,142 INFO c.z.h.HikariDataSource [SpringApplicationShutdownHook] HikariPool-1 - Shutdown initiated...
2025-12-15 17:53:17,148 INFO c.z.h.HikariDataSource [SpringApplicationShutdownHook] HikariPool-1 - Shutdown completed.
2025-12-15 17:56:07,545 INFO o.h.v.i.u.Version [background-preinit] HV000001: Hibernate Validator 8.0.1.Final
2025-12-15 17:56:07,627 INFO o.s.b.StartupInfoLogger [main] Starting FinanceTrackerBackendApplication using Java 21.0.6 with PID 7412 (C:\Users\Iyed Chaabane\Desktop\workspace\Finance Tracking web app\Backend\target\classes started by Iyed Chaabane in C:\Users\Iyed Chaabane\Desktop\workspace\Finance Tracking web app\Backend)
2025-12-15 17:56:07,628 DEBUG o.s.b.StartupInfoLogger [main] Running with Spring Boot v3.2.1, Spring v6.1.2
2025-12-15 17:56:07,629 INFO o.s.b.SpringApplication [main] No active profile set, falling back to 1 default profile: "default"
2025-12-15 17:56:09,696 INFO o.s.d.r.c.RepositoryConfigurationDelegate [main] Bootstrapping Spring Data JPA repositories in DEFAULT mode.
2025-12-15 17:56:09,910 INFO o.s.d.r.c.RepositoryConfigurationDelegate [main] Finished Spring Data repository scanning in 186 ms. Found 4 JPA repository interfaces.
2025-12-15 17:56:10,771 INFO o.s.b.w.e.t.TomcatWebServer [main] Tomcat initialized with port 8080 (http)
2025-12-15 17:56:10,795 INFO o.a.j.l.DirectJDKLog [main] Initializing ProtocolHandler ["http-nio-8080"]
2025-12-15 17:56:10,803 INFO o.a.j.l.DirectJDKLog [main] Starting service [Tomcat]
2025-12-15 17:56:10,805 INFO o.a.j.l.DirectJDKLog [main] Starting Servlet engine: [Apache Tomcat/10.1.17]
2025-12-15 17:56:10,913 INFO o.a.j.l.DirectJDKLog [main] Initializing Spring embedded WebApplicationContext
2025-12-15 17:56:10,914 INFO o.s.b.w.s.c.ServletWebServerApplicationContext [main] Root WebApplicationContext: initialization completed in 3203 ms
2025-12-15 17:56:11,100 INFO o.h.j.i.u.LogHelper [main] HHH000204: Processing PersistenceUnitInfo [name: default]
2025-12-15 17:56:11,209 INFO o.h.Version [main] HHH000412: Hibernate ORM core version 6.4.1.Final
2025-12-15 17:56:11,265 INFO o.h.c.i.RegionFactoryInitiator [main] HHH000026: Second-level cache disabled
2025-12-15 17:56:11,720 INFO o.s.o.j.p.SpringPersistenceUnitInfo [main] No LoadTimeWeaver setup: ignoring JPA class transformer
2025-12-15 17:56:11,765 INFO c.z.h.HikariDataSource [main] HikariPool-1 - Starting...
2025-12-15 17:56:12,063 INFO c.z.h.p.HikariPool [main] HikariPool-1 - Added connection org.postgresql.jdbc.PgConnection@1224e1b6
2025-12-15 17:56:12,068 INFO c.z.h.HikariDataSource [main] HikariPool-1 - Start completed.
2025-12-15 17:56:12,138 WARN o.h.e.j.d.i.DialectFactoryImpl [main] HHH90000025: PostgreSQLDialect does not need to be specified explicitly using 'hibernate.dialect' (remove the property setting and it will be selected by default)
2025-12-15 17:56:13,794 INFO o.h.e.t.j.p.i.JtaPlatformInitiator [main] HHH000489: No JTA platform available (set 'hibernate.transaction.jta.platform' to enable JTA platform integration)
2025-12-15 17:56:13,957 INFO o.s.o.j.AbstractEntityManagerFactoryBean [main] Initialized JPA EntityManagerFactory for persistence unit 'default'
2025-12-15 17:56:14,698 DEBUG o.s.w.f.GenericFilterBean [main] Filter 'authenticationJwtTokenFilter' configured for use
2025-12-15 17:56:14,891 INFO o.s.d.j.r.q.QueryEnhancerFactory [main] Hibernate is in classpath; If applicable, HQL parser will be used.
2025-12-15 17:56:15,571 WARN o.s.b.a.o.j.JpaBaseConfiguration$JpaWebConfiguration [main] spring.jpa.open-in-view is enabled by default. Therefore, database queries may be performed during view rendering. Explicitly configure spring.jpa.open-in-view to disable this warning
2025-12-15 17:56:15,911 INFO o.s.s.w.DefaultSecurityFilterChain [main] Will secure any request with [org.springframework.security.web.session.DisableEncodeUrlFilter@1009a9b4, org.springframework.security.web.context.request.async.WebAsyncManagerIntegrationFilter@3796ca50, org.springframework.security.web.context.SecurityContextHolderFilter@22a9fa23, org.springframework.security.web.header.HeaderWriterFilter@665fb1d8, org.springframework.web.filter.CorsFilter@55154761, org.springframework.security.web.authentication.logout.LogoutFilter@4d08fee2, com.financetracker.backend.security.JwtAuthenticationFilter@5aec151b, org.springframework.security.web.savedrequest.RequestCacheAwareFilter@4ad0465c, org.springframework.security.web.servletapi.SecurityContextHolderAwareRequestFilter@561e8bab, org.springframework.security.web.authentication.AnonymousAuthenticationFilter@304e83a, org.springframework.security.web.session.SessionManagementFilter@6ca6d195, org.springframework.security.web.access.ExceptionTranslationFilter@3b6d94fc, org.springframework.security.web.access.intercept.AuthorizationFilter@e7529ac]
2025-12-15 17:56:16,250 INFO o.a.j.l.DirectJDKLog [main] Starting ProtocolHandler ["http-nio-8080"]
2025-12-15 17:56:16,303 INFO o.s.b.w.e.t.TomcatWebServer [main] Tomcat started on port 8080 (http) with context path ''
2025-12-15 17:56:16,350 INFO o.s.b.StartupInfoLogger [main] Started FinanceTrackerBackendApplication in 9.965 seconds (process running for 10.719)
2025-12-15 17:56:26,848 INFO o.a.j.l.DirectJDKLog [http-nio-8080-exec-4] Initializing Spring DispatcherServlet 'dispatcherServlet'
2025-12-15 17:56:27,112 INFO o.s.w.s.FrameworkServlet [http-nio-8080-exec-4] Initializing Servlet 'dispatcherServlet'
2025-12-15 17:56:27,171 INFO o.s.w.s.FrameworkServlet [http-nio-8080-exec-4] Completed initialization in 3 ms
2025-12-15 17:56:28,106 TRACE c.f.b.s.UserSettingsService [http-nio-8080-exec-2] Fetching settings for user: test@gmail.com
2025-12-15 17:56:28,531 TRACE c.f.b.s.UserSettingsService [http-nio-8080-exec-10] Fetching settings for user: test@gmail.com
2025-12-15 17:59:45,142 INFO c.f.b.s.UserSettingsService [http-nio-8080-exec-4] Settings updated for user: test@gmail.com
2025-12-15 17:59:45,653 INFO c.f.b.s.UserSettingsService [http-nio-8080-exec-5] Settings updated for user: test@gmail.com
2025-12-15 17:59:47,003 INFO c.f.b.s.UserSettingsService [http-nio-8080-exec-2] Settings updated for user: test@gmail.com
2025-12-15 18:01:46,944 TRACE c.f.b.s.UserSettingsService [http-nio-8080-exec-8] Fetching settings for user: test@gmail.com
2025-12-15 18:01:47,148 TRACE c.f.b.s.UserSettingsService [http-nio-8080-exec-4] Fetching settings for user: test@gmail.com
2025-12-15 18:04:06,157 TRACE c.f.b.s.UserSettingsService [http-nio-8080-exec-4] Fetching settings for user: test@gmail.com
2025-12-15 18:04:06,320 TRACE c.f.b.s.UserSettingsService [http-nio-8080-exec-1] Fetching settings for user: test@gmail.com
2025-12-15 18:17:30,623 TRACE c.f.b.s.UserSettingsService [http-nio-8080-exec-4] Fetching settings for user: test@gmail.com
2025-12-15 18:17:30,829 TRACE c.f.b.s.UserSettingsService [http-nio-8080-exec-6] Fetching settings for user: test@gmail.com
2025-12-15 18:21:32,944 TRACE c.f.b.s.UserSettingsService [http-nio-8080-exec-4] Fetching settings for user: test@gmail.com
2025-12-15 18:21:33,308 TRACE c.f.b.s.UserSettingsService [http-nio-8080-exec-9] Fetching settings for user: test@gmail.com
2025-12-15 18:22:05,545 INFO c.f.b.s.UserSettingsService [http-nio-8080-exec-1] Settings updated for user: test@gmail.com
2025-12-15 18:22:10,833 INFO c.f.b.s.UserSettingsService [http-nio-8080-exec-3] Settings updated for user: test@gmail.com
2025-12-15 18:22:13,272 INFO c.f.b.s.UserSettingsService [http-nio-8080-exec-6] Settings updated for user: test@gmail.com
2025-12-15 18:22:17,078 TRACE c.f.b.s.UserSettingsService [http-nio-8080-exec-9] Fetching settings for user: test@gmail.com
2025-12-15 18:22:17,152 TRACE c.f.b.s.UserSettingsService [http-nio-8080-exec-2] Fetching settings for user: test@gmail.com
2025-12-15 18:22:26,213 INFO c.f.b.s.UserSettingsService [http-nio-8080-exec-7] Settings updated for user: test@gmail.com
2025-12-15 18:22:28,323 INFO c.f.b.s.UserSettingsService [http-nio-8080-exec-5] Settings updated for user: test@gmail.com
2025-12-15 18:22:29,401 INFO c.f.b.s.UserSettingsService [http-nio-8080-exec-8] Settings updated for user: test@gmail.com
2025-12-15 18:22:30,371 INFO c.f.b.s.UserSettingsService [http-nio-8080-exec-4] Settings updated for user: test@gmail.com
2025-12-15 18:22:37,349 INFO c.f.b.s.UserSettingsService [http-nio-8080-exec-1] Settings updated for user: test@gmail.com
2025-12-15 18:22:43,703 INFO c.f.b.s.UserSettingsService [http-nio-8080-exec-3] Settings updated for user: test@gmail.com
2025-12-15 18:23:06,779 INFO c.f.b.s.AuthService [http-nio-8080-exec-2] User logged in: test@gmail.com
2025-12-15 18:23:06,955 TRACE c.f.b.s.UserSettingsService [http-nio-8080-exec-10] Fetching settings for user: test@gmail.com
2025-12-15 18:30:25,069 TRACE c.f.b.s.UserSettingsService [http-nio-8080-exec-7] Fetching settings for user: test@gmail.com
2025-12-15 18:30:25,289 TRACE c.f.b.s.UserSettingsService [http-nio-8080-exec-2] Fetching settings for user: test@gmail.com
2025-12-15 18:31:49,101 INFO c.f.b.s.UserSettingsService [http-nio-8080-exec-9] Settings updated for user: test@gmail.com
2025-12-15 18:31:51,167 INFO c.f.b.s.UserSettingsService [http-nio-8080-exec-1] Settings updated for user: test@gmail.com
2025-12-15 18:32:03,913 TRACE c.f.b.s.UserSettingsService [http-nio-8080-exec-9] Fetching settings for user: test@gmail.com
2025-12-15 18:32:04,383 TRACE c.f.b.s.UserSettingsService [http-nio-8080-exec-2] Fetching settings for user: test@gmail.com
2025-12-15 18:33:27,951 TRACE c.f.b.s.UserSettingsService [http-nio-8080-exec-3] Fetching settings for user: test@gmail.com
2025-12-15 18:34:56,446 TRACE c.f.b.s.UserSettingsService [http-nio-8080-exec-3] Fetching settings for user: test@gmail.com
2025-12-15 18:34:56,539 TRACE c.f.b.s.UserSettingsService [http-nio-8080-exec-2] Fetching settings for user: test@gmail.com
2025-12-15 18:35:05,900 INFO o.s.o.j.AbstractEntityManagerFactoryBean [SpringApplicationShutdownHook] Closing JPA EntityManagerFactory for persistence unit 'default'
2025-12-15 18:35:05,903 INFO c.z.h.HikariDataSource [SpringApplicationShutdownHook] HikariPool-1 - Shutdown initiated...
2025-12-15 18:35:05,913 INFO c.z.h.HikariDataSource [SpringApplicationShutdownHook] HikariPool-1 - Shutdown completed.
2025-12-15 18:35:21,872 INFO o.h.v.i.u.Version [background-preinit] HV000001: Hibernate Validator 8.0.1.Final
2025-12-15 18:35:21,990 INFO o.s.b.StartupInfoLogger [main] Starting FinanceTrackerBackendApplication using Java 21.0.6 with PID 132 (C:\Users\Iyed Chaabane\Desktop\workspace\Finance Tracking web app\Backend\target\classes started by Iyed Chaabane in C:\Users\Iyed Chaabane\Desktop\workspace\Finance Tracking web app\Backend)
2025-12-15 18:35:21,992 DEBUG o.s.b.StartupInfoLogger [main] Running with Spring Boot v3.2.1, Spring v6.1.2
2025-12-15 18:35:21,994 INFO o.s.b.SpringApplication [main] No active profile set, falling back to 1 default profile: "default"
2025-12-15 18:35:26,169 INFO o.s.d.r.c.RepositoryConfigurationDelegate [main] Bootstrapping Spring Data JPA repositories in DEFAULT mode.
2025-12-15 18:35:26,989 INFO o.s.d.r.c.RepositoryConfigurationDelegate [main] Finished Spring Data repository scanning in 731 ms. Found 4 JPA repository interfaces.
2025-12-15 18:35:28,210 INFO o.s.b.w.e.t.TomcatWebServer [main] Tomcat initialized with port 8080 (http)
2025-12-15 18:35:28,227 INFO o.a.j.l.DirectJDKLog [main] Initializing ProtocolHandler ["http-nio-8080"]
2025-12-15 18:35:28,231 INFO o.a.j.l.DirectJDKLog [main] Starting service [Tomcat]
2025-12-15 18:35:28,232 INFO o.a.j.l.DirectJDKLog [main] Starting Servlet engine: [Apache Tomcat/10.1.17]
2025-12-15 18:35:28,342 INFO o.a.j.l.DirectJDKLog [main] Initializing Spring embedded WebApplicationContext
2025-12-15 18:35:28,347 INFO o.s.b.w.s.c.ServletWebServerApplicationContext [main] Root WebApplicationContext: initialization completed in 6242 ms
2025-12-15 18:35:28,707 INFO o.h.j.i.u.LogHelper [main] HHH000204: Processing PersistenceUnitInfo [name: default]
2025-12-15 18:35:28,902 INFO o.h.Version [main] HHH000412: Hibernate ORM core version 6.4.1.Final
2025-12-15 18:35:28,960 INFO o.h.c.i.RegionFactoryInitiator [main] HHH000026: Second-level cache disabled
2025-12-15 18:35:29,333 INFO o.s.o.j.p.SpringPersistenceUnitInfo [main] No LoadTimeWeaver setup: ignoring JPA class transformer
2025-12-15 18:35:29,403 INFO c.z.h.HikariDataSource [main] HikariPool-1 - Starting...
2025-12-15 18:35:29,809 INFO c.z.h.p.HikariPool [main] HikariPool-1 - Added connection org.postgresql.jdbc.PgConnection@4ffa7041
2025-12-15 18:35:29,813 INFO c.z.h.HikariDataSource [main] HikariPool-1 - Start completed.
2025-12-15 18:35:29,896 WARN o.h.e.j.d.i.DialectFactoryImpl [main] HHH90000025: PostgreSQLDialect does not need to be specified explicitly using 'hibernate.dialect' (remove the property setting and it will be selected by default)
2025-12-15 18:35:31,481 INFO o.h.e.t.j.p.i.JtaPlatformInitiator [main] HHH000489: No JTA platform available (set 'hibernate.transaction.jta.platform' to enable JTA platform integration)
2025-12-15 18:35:31,701 INFO o.s.o.j.AbstractEntityManagerFactoryBean [main] Initialized JPA EntityManagerFactory for persistence unit 'default'
2025-12-15 18:35:32,247 DEBUG o.s.w.f.GenericFilterBean [main] Filter 'authenticationJwtTokenFilter' configured for use
2025-12-15 18:35:32,469 INFO o.s.d.j.r.q.QueryEnhancerFactory [main] Hibernate is in classpath; If applicable, HQL parser will be used.
2025-12-15 18:35:33,128 WARN o.s.b.a.o.j.JpaBaseConfiguration$JpaWebConfiguration [main] spring.jpa.open-in-view is enabled by default. Therefore, database queries may be performed during view rendering. Explicitly configure spring.jpa.open-in-view to disable this warning
2025-12-15 18:35:33,572 INFO o.s.s.w.DefaultSecurityFilterChain [main] Will secure any request with [org.springframework.security.web.session.DisableEncodeUrlFilter@439acac0, org.springframework.security.web.context.request.async.WebAsyncManagerIntegrationFilter@6a8d638, org.springframework.security.web.context.SecurityContextHolderFilter@1dec84e3, org.springframework.security.web.header.HeaderWriterFilter@665902eb, org.springframework.web.filter.CorsFilter@7d5a3b06, org.springframework.security.web.authentication.logout.LogoutFilter@39384ba6, com.financetracker.backend.security.JwtAuthenticationFilter@14b9817b, org.springframework.security.web.savedrequest.RequestCacheAwareFilter@56d9ef05, org.springframework.security.web.servletapi.SecurityContextHolderAwareRequestFilter@7d487147, org.springframework.security.web.authentication.AnonymousAuthenticationFilter@20b56542, org.springframework.security.web.session.SessionManagementFilter@64c009b8, org.springframework.security.web.access.ExceptionTranslationFilter@663d59ed, org.springframework.security.web.access.intercept.AuthorizationFilter@46823e8]
2025-12-15 18:35:33,989 INFO o.a.j.l.DirectJDKLog [main] Starting ProtocolHandler ["http-nio-8080"]
2025-12-15 18:35:34,016 INFO o.s.b.w.e.t.TomcatWebServer [main] Tomcat started on port 8080 (http) with context path ''
2025-12-15 18:35:34,029 INFO o.s.b.StartupInfoLogger [main] Started FinanceTrackerBackendApplication in 13.321 seconds (process running for 14.712)
2025-12-15 18:36:10,843 INFO o.a.j.l.DirectJDKLog [http-nio-8080-exec-1] Initializing Spring DispatcherServlet 'dispatcherServlet'
2025-12-15 18:36:10,843 INFO o.s.w.s.FrameworkServlet [http-nio-8080-exec-1] Initializing Servlet 'dispatcherServlet'
2025-12-15 18:36:10,845 INFO o.s.w.s.FrameworkServlet [http-nio-8080-exec-1] Completed initialization in 1 ms
2025-12-15 18:36:11,539 INFO c.f.b.s.AuthService [http-nio-8080-exec-2] User logged in: test@gmail.com
2025-12-15 18:36:11,778 TRACE c.f.b.s.UserSettingsService [http-nio-8080-exec-6] Fetching settings for user: test@gmail.com
2025-12-15 18:38:15,834 TRACE c.f.b.s.UserSettingsService [http-nio-8080-exec-6] Fetching settings for user: test@gmail.com
2025-12-15 18:38:15,999 TRACE c.f.b.s.UserSettingsService [http-nio-8080-exec-1] Fetching settings for user: test@gmail.com
2025-12-15 18:38:18,577 TRACE c.f.b.s.UserSettingsService [http-nio-8080-exec-9] Fetching settings for user: test@gmail.com
2025-12-15 18:38:18,750 TRACE c.f.b.s.UserSettingsService [http-nio-8080-exec-6] Fetching settings for user: test@gmail.com
2025-12-15 18:43:11,746 TRACE c.f.b.s.UserSettingsService [http-nio-8080-exec-2] Fetching settings for user: test@gmail.com
2025-12-15 18:45:07,435 INFO c.f.b.s.UserSettingsService [http-nio-8080-exec-6] Settings updated for user: test@gmail.com
2025-12-15 18:45:46,044 TRACE c.f.b.s.UserSettingsService [http-nio-8080-exec-9] Fetching settings for user: test@gmail.com
2025-12-15 18:45:46,209 TRACE c.f.b.s.UserSettingsService [http-nio-8080-exec-6] Fetching settings for user: test@gmail.com
2025-12-15 18:51:12,593 INFO o.s.a.AbstractOpenApiResource [http-nio-8080-exec-4] Init duration for springdoc-openapi is: 846 ms
2025-12-15 18:51:41,111 INFO c.f.b.s.UserSettingsService [http-nio-8080-exec-5] Settings updated for user: test@gmail.com
2025-12-15 18:51:55,341 INFO c.f.b.s.UserSettingsService [http-nio-8080-exec-10] Settings updated for user: test@gmail.com
2025-12-15 18:52:04,001 INFO c.f.b.s.UserSettingsService [http-nio-8080-exec-9] Settings updated for user: test@gmail.com
2025-12-15 18:52:31,521 INFO c.f.b.s.UserSettingsService [http-nio-8080-exec-5] Settings updated for user: test@gmail.com
2025-12-15 18:58:05,594 INFO o.s.o.j.AbstractEntityManagerFactoryBean [SpringApplicationShutdownHook] Closing JPA EntityManagerFactory for persistence unit 'default'
2025-12-15 18:58:05,599 INFO c.z.h.HikariDataSource [SpringApplicationShutdownHook] HikariPool-1 - Shutdown initiated...
2025-12-15 18:58:05,609 INFO c.z.h.HikariDataSource [SpringApplicationShutdownHook] HikariPool-1 - Shutdown completed.
2025-12-15 18:58:36,154 INFO o.h.v.i.u.Version [background-preinit] HV000001: Hibernate Validator 8.0.1.Final
2025-12-15 18:58:36,239 INFO o.s.b.StartupInfoLogger [main] Starting FinanceTrackerBackendApplication using Java 21.0.6 with PID 15980 (C:\Users\Iyed Chaabane\Desktop\workspace\Finance Tracking web app\Backend\target\classes started by Iyed Chaabane in C:\Users\Iyed Chaabane\Desktop\workspace\Finance Tracking web app\Backend)
2025-12-15 18:58:36,240 DEBUG o.s.b.StartupInfoLogger [main] Running with Spring Boot v3.2.1, Spring v6.1.2
2025-12-15 18:58:36,242 INFO o.s.b.SpringApplication [main] No active profile set, falling back to 1 default profile: "default"
2025-12-15 18:58:37,628 INFO o.s.d.r.c.RepositoryConfigurationDelegate [main] Bootstrapping Spring Data JPA repositories in DEFAULT mode.
2025-12-15 18:58:37,728 INFO o.s.d.r.c.RepositoryConfigurationDelegate [main] Finished Spring Data repository scanning in 87 ms. Found 4 JPA repository interfaces.
2025-12-15 18:58:38,558 INFO o.s.b.w.e.t.TomcatWebServer [main] Tomcat initialized with port 8080 (http)
2025-12-15 18:58:38,579 INFO o.a.j.l.DirectJDKLog [main] Initializing ProtocolHandler ["http-nio-8080"]
2025-12-15 18:58:38,584 INFO o.a.j.l.DirectJDKLog [main] Starting service [Tomcat]
2025-12-15 18:58:38,584 INFO o.a.j.l.DirectJDKLog [main] Starting Servlet engine: [Apache Tomcat/10.1.17]
2025-12-15 18:58:38,693 INFO o.a.j.l.DirectJDKLog [main] Initializing Spring embedded WebApplicationContext
2025-12-15 18:58:38,695 INFO o.s.b.w.s.c.ServletWebServerApplicationContext [main] Root WebApplicationContext: initialization completed in 2377 ms
2025-12-15 18:58:38,980 INFO o.h.j.i.u.LogHelper [main] HHH000204: Processing PersistenceUnitInfo [name: default]
2025-12-15 18:58:39,135 INFO o.h.Version [main] HHH000412: Hibernate ORM core version 6.4.1.Final
2025-12-15 18:58:39,194 INFO o.h.c.i.RegionFactoryInitiator [main] HHH000026: Second-level cache disabled
2025-12-15 18:58:39,620 INFO o.s.o.j.p.SpringPersistenceUnitInfo [main] No LoadTimeWeaver setup: ignoring JPA class transformer
2025-12-15 18:58:39,674 INFO c.z.h.HikariDataSource [main] HikariPool-1 - Starting...
2025-12-15 18:58:39,965 INFO c.z.h.p.HikariPool [main] HikariPool-1 - Added connection org.postgresql.jdbc.PgConnection@632c3f55
2025-12-15 18:58:39,967 INFO c.z.h.HikariDataSource [main] HikariPool-1 - Start completed.
2025-12-15 18:58:40,054 WARN o.h.e.j.d.i.DialectFactoryImpl [main] HHH90000025: PostgreSQLDialect does not need to be specified explicitly using 'hibernate.dialect' (remove the property setting and it will be selected by default)
2025-12-15 18:58:41,941 INFO o.h.e.t.j.p.i.JtaPlatformInitiator [main] HHH000489: No JTA platform available (set 'hibernate.transaction.jta.platform' to enable JTA platform integration)
2025-12-15 18:58:42,219 INFO o.s.o.j.AbstractEntityManagerFactoryBean [main] Initialized JPA EntityManagerFactory for persistence unit 'default'
2025-12-15 18:58:43,018 DEBUG o.s.w.f.GenericFilterBean [main] Filter 'authenticationJwtTokenFilter' configured for use
2025-12-15 18:58:43,230 INFO o.s.d.j.r.q.QueryEnhancerFactory [main] Hibernate is in classpath; If applicable, HQL parser will be used.
2025-12-15 18:58:44,104 WARN o.s.b.a.o.j.JpaBaseConfiguration$JpaWebConfiguration [main] spring.jpa.open-in-view is enabled by default. Therefore, database queries may be performed during view rendering. Explicitly configure spring.jpa.open-in-view to disable this warning
2025-12-15 18:58:44,458 INFO o.s.s.w.DefaultSecurityFilterChain [main] Will secure any request with [org.springframework.security.web.session.DisableEncodeUrlFilter@7c8d382e, org.springframework.security.web.context.request.async.WebAsyncManagerIntegrationFilter@751e7d99, org.springframework.security.web.context.SecurityContextHolderFilter@3287cf03, org.springframework.security.web.header.HeaderWriterFilter@7b91e3d4, org.springframework.web.filter.CorsFilter@c3df740, org.springframework.security.web.authentication.logout.LogoutFilter@76a2db3f, com.financetracker.backend.security.JwtAuthenticationFilter@10b7b5f0, org.springframework.security.web.savedrequest.RequestCacheAwareFilter@3f7030b5, org.springframework.security.web.servletapi.SecurityContextHolderAwareRequestFilter@774b798, org.springframework.security.web.authentication.AnonymousAuthenticationFilter@297c0311, org.springframework.security.web.session.SessionManagementFilter@4d08fee2, org.springframework.security.web.access.ExceptionTranslationFilter@2116e9cf, org.springframework.security.web.access.intercept.AuthorizationFilter@4619e076]
2025-12-15 18:58:45,120 INFO o.a.j.l.DirectJDKLog [main] Starting ProtocolHandler ["http-nio-8080"]
2025-12-15 18:58:45,181 INFO o.s.b.w.e.t.TomcatWebServer [main] Tomcat started on port 8080 (http) with context path ''
2025-12-15 18:58:45,209 INFO o.s.b.StartupInfoLogger [main] Started FinanceTrackerBackendApplication in 10.236 seconds (process running for 11.376)
2025-12-15 18:58:57,836 INFO o.a.j.l.DirectJDKLog [http-nio-8080-exec-5] Initializing Spring DispatcherServlet 'dispatcherServlet'
2025-12-15 18:58:57,848 INFO o.s.w.s.FrameworkServlet [http-nio-8080-exec-5] Initializing Servlet 'dispatcherServlet'
2025-12-15 18:58:57,851 INFO o.s.w.s.FrameworkServlet [http-nio-8080-exec-5] Completed initialization in 3 ms
2025-12-15 18:58:58,921 TRACE c.f.b.s.UserSettingsService [http-nio-8080-exec-7] Fetching settings for user: test@gmail.com
2025-12-15 18:58:59,147 TRACE c.f.b.s.UserSettingsService [http-nio-8080-exec-10] Fetching settings for user: test@gmail.com
2025-12-15 18:59:05,995 INFO c.f.b.s.UserSettingsService [http-nio-8080-exec-3] Currency changed from EUR to TND for user test@gmail.com. Converting transactions...
2025-12-15 18:59:06,020 INFO c.f.b.s.UserSettingsService [http-nio-8080-exec-3] Converted 3 transactions from EUR to TND
2025-12-15 18:59:06,043 INFO c.f.b.s.UserSettingsService [http-nio-8080-exec-3] Settings updated for user: test@gmail.com
2025-12-15 18:59:24,503 INFO c.f.b.s.UserSettingsService [http-nio-8080-exec-10] Currency changed from TND to USD for user test@gmail.com. Converting transactions...
2025-12-15 18:59:24,514 INFO c.f.b.s.UserSettingsService [http-nio-8080-exec-10] Converted 3 transactions from TND to USD
2025-12-15 18:59:24,521 INFO c.f.b.s.UserSettingsService [http-nio-8080-exec-10] Settings updated for user: test@gmail.com
2025-12-15 18:59:25,944 INFO c.f.b.s.UserSettingsService [http-nio-8080-exec-3] Currency changed from USD to EUR for user test@gmail.com. Converting transactions...
2025-12-15 18:59:28,007 INFO c.f.b.s.UserSettingsService [http-nio-8080-exec-3] Converted 3 transactions from USD to EUR
2025-12-15 18:59:28,024 INFO c.f.b.s.UserSettingsService [http-nio-8080-exec-3] Settings updated for user: test@gmail.com
2025-12-15 18:59:47,998 INFO c.f.b.s.UserSettingsService [http-nio-8080-exec-3] Currency changed from EUR to TND for user test@gmail.com. Converting transactions...
2025-12-15 18:59:49,148 INFO c.f.b.s.UserSettingsService [http-nio-8080-exec-2] Currency changed from EUR to USD for user test@gmail.com. Converting transactions...
2025-12-15 18:59:49,378 INFO c.f.b.s.UserSettingsService [http-nio-8080-exec-3] Converted 3 transactions from EUR to TND
2025-12-15 18:59:49,379 INFO c.f.b.s.UserSettingsService [http-nio-8080-exec-3] Settings updated for user: test@gmail.com
2025-12-15 18:59:50,228 INFO c.f.b.s.UserSettingsService [http-nio-8080-exec-2] Converted 3 transactions from EUR to USD
2025-12-15 18:59:50,229 INFO c.f.b.s.UserSettingsService [http-nio-8080-exec-2] Settings updated for user: test@gmail.com
2025-12-15 18:59:51,581 INFO c.f.b.s.UserSettingsService [http-nio-8080-exec-6] Currency changed from USD to EUR for user test@gmail.com. Converting transactions...
2025-12-15 18:59:52,310 INFO c.f.b.s.UserSettingsService [http-nio-8080-exec-6] Converted 3 transactions from USD to EUR
2025-12-15 18:59:52,310 INFO c.f.b.s.UserSettingsService [http-nio-8080-exec-6] Settings updated for user: test@gmail.com
2025-12-15 18:59:54,562 INFO c.f.b.s.UserSettingsService [http-nio-8080-exec-5] Currency changed from EUR to USD for user test@gmail.com. Converting transactions...
2025-12-15 18:59:55,365 INFO c.f.b.s.UserSettingsService [http-nio-8080-exec-5] Converted 3 transactions from EUR to USD
2025-12-15 18:59:55,468 INFO c.f.b.s.UserSettingsService [http-nio-8080-exec-5] Settings updated for user: test@gmail.com
2025-12-15 19:01:15,827 INFO c.f.b.s.UserSettingsService [http-nio-8080-exec-10] Currency changed from USD to TND for user test@gmail.com. Converting transactions...
2025-12-15 19:01:17,171 INFO c.f.b.s.UserSettingsService [http-nio-8080-exec-10] Converted 3 transactions from USD to TND
2025-12-15 19:01:17,181 INFO c.f.b.s.UserSettingsService [http-nio-8080-exec-10] Settings updated for user: test@gmail.com
2025-12-15 19:01:42,528 TRACE c.f.b.s.UserSettingsService [http-nio-8080-exec-7] Fetching settings for user: test@gmail.com
2025-12-15 19:01:42,685 TRACE c.f.b.s.UserSettingsService [http-nio-8080-exec-2] Fetching settings for user: test@gmail.com
2025-12-15 19:01:54,255 INFO c.f.b.s.UserSettingsService [http-nio-8080-exec-5] Currency changed from TND to EUR for user test@gmail.com. Converting transactions...
2025-12-15 19:01:55,471 INFO c.f.b.s.UserSettingsService [http-nio-8080-exec-5] Converted 3 transactions from TND to EUR
2025-12-15 19:01:55,473 INFO c.f.b.s.UserSettingsService [http-nio-8080-exec-5] Settings updated for user: test@gmail.com
2025-12-15 19:01:55,614 TRACE c.f.b.s.UserSettingsService [http-nio-8080-exec-8] Fetching settings for user: test@gmail.com
2025-12-15 19:02:01,351 INFO c.f.b.s.UserSettingsService [http-nio-8080-exec-8] Currency changed from EUR to USD for user test@gmail.com. Converting transactions...
2025-12-15 19:02:02,538 INFO c.f.b.s.UserSettingsService [http-nio-8080-exec-8] Converted 3 transactions from EUR to USD
2025-12-15 19:02:02,539 INFO c.f.b.s.UserSettingsService [http-nio-8080-exec-8] Settings updated for user: test@gmail.com
2025-12-15 19:02:02,665 TRACE c.f.b.s.UserSettingsService [http-nio-8080-exec-7] Fetching settings for user: test@gmail.com
2025-12-15 19:02:10,283 INFO c.f.b.s.UserSettingsService [http-nio-8080-exec-5] Currency changed from USD to EUR for user test@gmail.com. Converting transactions...
2025-12-15 19:02:11,403 INFO c.f.b.s.UserSettingsService [http-nio-8080-exec-5] Converted 3 transactions from USD to EUR
2025-12-15 19:02:11,406 INFO c.f.b.s.UserSettingsService [http-nio-8080-exec-5] Settings updated for user: test@gmail.com
2025-12-15 19:02:11,528 TRACE c.f.b.s.UserSettingsService [http-nio-8080-exec-1] Fetching settings for user: test@gmail.com
2025-12-15 19:02:21,621 INFO c.f.b.s.UserSettingsService [http-nio-8080-exec-1] Currency changed from EUR to TND for user test@gmail.com. Converting transactions...
2025-12-15 19:02:22,723 INFO c.f.b.s.UserSettingsService [http-nio-8080-exec-1] Converted 3 transactions from EUR to TND
2025-12-15 19:02:22,728 INFO c.f.b.s.UserSettingsService [http-nio-8080-exec-1] Settings updated for user: test@gmail.com
2025-12-15 19:02:22,860 TRACE c.f.b.s.UserSettingsService [http-nio-8080-exec-3] Fetching settings for user: test@gmail.com
2025-12-15 19:03:01,099 INFO c.f.b.s.UserSettingsService [http-nio-8080-exec-6] Currency changed from TND to EUR for user test@gmail.com. Converting transactions...
2025-12-15 19:03:02,349 INFO c.f.b.s.UserSettingsService [http-nio-8080-exec-6] Converted 3 transactions from TND to EUR
2025-12-15 19:03:02,349 INFO c.f.b.s.UserSettingsService [http-nio-8080-exec-6] Settings updated for user: test@gmail.com
2025-12-15 19:03:02,423 TRACE c.f.b.s.UserSettingsService [http-nio-8080-exec-1] Fetching settings for user: test@gmail.com
2025-12-15 19:03:46,927 INFO c.f.b.s.UserSettingsService [http-nio-8080-exec-8] Currency changed from EUR to USD for user test@gmail.com. Converting transactions...
2025-12-15 19:03:48,249 INFO c.f.b.s.UserSettingsService [http-nio-8080-exec-8] Converted 3 transactions from EUR to USD
2025-12-15 19:03:48,257 INFO c.f.b.s.UserSettingsService [http-nio-8080-exec-8] Settings updated for user: test@gmail.com
2025-12-15 19:03:48,656 TRACE c.f.b.s.UserSettingsService [http-nio-8080-exec-9] Fetching settings for user: test@gmail.com
2025-12-15 19:04:13,876 INFO c.f.b.s.UserSettingsService [http-nio-8080-exec-8] Currency changed from USD to EUR for user test@gmail.com. Converting transactions...
2025-12-15 19:04:15,145 INFO c.f.b.s.UserSettingsService [http-nio-8080-exec-8] Converted 3 transactions from USD to EUR
2025-12-15 19:04:15,147 INFO c.f.b.s.UserSettingsService [http-nio-8080-exec-8] Settings updated for user: test@gmail.com
2025-12-15 19:04:15,429 TRACE c.f.b.s.UserSettingsService [http-nio-8080-exec-9] Fetching settings for user: test@gmail.com
2025-12-15 19:04:35,749 INFO c.f.b.s.UserSettingsService [http-nio-8080-exec-8] Currency changed from EUR to USD for user test@gmail.com. Converting transactions...
2025-12-15 19:04:37,059 INFO c.f.b.s.UserSettingsService [http-nio-8080-exec-8] Converted 3 transactions from EUR to USD
2025-12-15 19:04:37,119 INFO c.f.b.s.UserSettingsService [http-nio-8080-exec-8] Settings updated for user: test@gmail.com
2025-12-15 19:04:37,700 TRACE c.f.b.s.UserSettingsService [http-nio-8080-exec-5] Fetching settings for user: test@gmail.com
2025-12-15 19:04:46,916 INFO c.f.b.s.UserSettingsService [http-nio-8080-exec-9] Currency changed from USD to EUR for user test@gmail.com. Converting transactions...
2025-12-15 19:04:48,006 INFO c.f.b.s.UserSettingsService [http-nio-8080-exec-9] Converted 3 transactions from USD to EUR
2025-12-15 19:04:48,059 INFO c.f.b.s.UserSettingsService [http-nio-8080-exec-9] Settings updated for user: test@gmail.com
2025-12-15 19:04:49,310 TRACE c.f.b.s.UserSettingsService [http-nio-8080-exec-8] Fetching settings for user: test@gmail.com
2025-12-15 19:04:51,146 TRACE c.f.b.s.UserSettingsService [http-nio-8080-exec-9] Fetching settings for user: test@gmail.com
2025-12-15 19:04:51,957 TRACE c.f.b.s.UserSettingsService [http-nio-8080-exec-7] Fetching settings for user: test@gmail.com
2025-12-15 19:05:11,498 INFO c.f.b.s.UserSettingsService [http-nio-8080-exec-2] Currency changed from EUR to USD for user test@gmail.com. Converting transactions...
2025-12-15 19:05:12,790 INFO c.f.b.s.UserSettingsService [http-nio-8080-exec-2] Converted 3 transactions from EUR to USD
2025-12-15 19:05:12,814 INFO c.f.b.s.UserSettingsService [http-nio-8080-exec-2] Settings updated for user: test@gmail.com
2025-12-15 19:05:13,074 TRACE c.f.b.s.UserSettingsService [http-nio-8080-exec-7] Fetching settings for user: test@gmail.com
2025-12-15 19:05:21,897 TRACE c.f.b.s.UserSettingsService [http-nio-8080-exec-7] Fetching settings for user: test@gmail.com
2025-12-15 19:05:22,087 TRACE c.f.b.s.UserSettingsService [http-nio-8080-exec-3] Fetching settings for user: test@gmail.com
2025-12-15 19:05:29,823 INFO c.f.b.s.UserSettingsService [http-nio-8080-exec-2] Currency changed from USD to EUR for user test@gmail.com. Converting transactions...
2025-12-15 19:05:31,026 INFO c.f.b.s.UserSettingsService [http-nio-8080-exec-2] Converted 3 transactions from USD to EUR
2025-12-15 19:05:31,089 INFO c.f.b.s.UserSettingsService [http-nio-8080-exec-2] Settings updated for user: test@gmail.com
2025-12-15 19:05:31,640 TRACE c.f.b.s.UserSettingsService [http-nio-8080-exec-10] Fetching settings for user: test@gmail.com
2025-12-15 19:05:34,247 TRACE c.f.b.s.UserSettingsService [http-nio-8080-exec-8] Fetching settings for user: test@gmail.com
2025-12-15 19:05:34,886 TRACE c.f.b.s.UserSettingsService [http-nio-8080-exec-7] Fetching settings for user: test@gmail.com
2025-12-15 19:05:41,367 TRACE c.f.b.s.UserSettingsService [http-nio-8080-exec-3] Fetching settings for user: test@gmail.com
2025-12-15 19:05:42,100 TRACE c.f.b.s.UserSettingsService [http-nio-8080-exec-2] Fetching settings for user: test@gmail.com
2025-12-15 19:06:32,118 INFO c.f.b.s.UserSettingsService [http-nio-8080-exec-4] Currency changed from EUR to USD for user test@gmail.com. Converting transactions...
2025-12-15 19:06:33,380 INFO c.f.b.s.UserSettingsService [http-nio-8080-exec-4] Converted 3 transactions from EUR to USD
2025-12-15 19:06:33,393 INFO c.f.b.s.UserSettingsService [http-nio-8080-exec-4] Settings updated for user: test@gmail.com
2025-12-15 19:06:33,653 TRACE c.f.b.s.UserSettingsService [http-nio-8080-exec-2] Fetching settings for user: test@gmail.com
2025-12-15 19:06:39,152 TRACE c.f.b.s.UserSettingsService [http-nio-8080-exec-4] Fetching settings for user: test@gmail.com
2025-12-15 19:06:40,154 TRACE c.f.b.s.UserSettingsService [http-nio-8080-exec-7] Fetching settings for user: test@gmail.com
2025-12-15 19:06:47,295 INFO c.f.b.s.UserSettingsService [http-nio-8080-exec-10] Currency changed from USD to TND for user test@gmail.com. Converting transactions...
2025-12-15 19:06:48,371 INFO c.f.b.s.UserSettingsService [http-nio-8080-exec-10] Converted 3 transactions from USD to TND
2025-12-15 19:06:48,371 INFO c.f.b.s.UserSettingsService [http-nio-8080-exec-10] Settings updated for user: test@gmail.com
2025-12-15 19:06:48,559 TRACE c.f.b.s.UserSettingsService [http-nio-8080-exec-1] Fetching settings for user: test@gmail.com
2025-12-15 19:22:42,273 INFO o.s.o.j.AbstractEntityManagerFactoryBean [SpringApplicationShutdownHook] Closing JPA EntityManagerFactory for persistence unit 'default'
2025-12-15 19:22:42,278 INFO c.z.h.HikariDataSource [SpringApplicationShutdownHook] HikariPool-1 - Shutdown initiated...
2025-12-15 19:22:42,284 INFO c.z.h.HikariDataSource [SpringApplicationShutdownHook] HikariPool-1 - Shutdown completed.
